0 verbose cli C:\nvm4w\nodejs\node.exe C:\nvm4w\nodejs\node_modules\npm\bin\npm-cli.js
1 info using npm@11.6.1
2 info using node@v24.11.0
3 silly config load:file:C:\Users\Mirian\AppData\Local\nvm\v24.11.0\node_modules\npm\npmrc
4 silly config load:file:C:\Users\Mirian\Desktop\my portfolio\.npmrc
5 silly config load:file:C:\Users\Mirian\.npmrc
6 silly config load:file:C:\nvm4w\nodejs\etc\npmrc
7 verbose title npm install
8 verbose argv "install" "--cache" ".npm-cache"
9 verbose logfile logs-max:10 dir:C:\Users\Mirian\Desktop\my portfolio\.npm-cache\_logs\2026-04-18T22_11_41_366Z-
10 verbose logfile C:\Users\Mirian\Desktop\my portfolio\.npm-cache\_logs\2026-04-18T22_11_41_366Z-debug-0.log
11 silly logfile done cleaning log files
12 silly packumentCache heap:2348810240 maxSize:587202560 maxEntrySize:293601280
13 silly idealTree buildDeps
14 silly fetch manifest next@^15.3.1
15 silly packumentCache full:https://registry.npmjs.org/next cache-miss
16 http cache https://registry.npmjs.org/next 188ms (cache hit)
17 silly packumentCache full:https://registry.npmjs.org/next set size:30188584 disposed:false
18 silly fetch manifest @opentelemetry/api@^1.1.0
19 silly packumentCache full:https://registry.npmjs.org/@opentelemetry%2fapi cache-miss
20 http cache https://registry.npmjs.org/@opentelemetry%2fapi 16ms (cache hit)
21 silly packumentCache full:https://registry.npmjs.org/@opentelemetry%2fapi set size:272855 disposed:false
22 silly fetch manifest @playwright/test@^1.51.1
23 silly packumentCache full:https://registry.npmjs.org/@playwright%2ftest cache-miss
24 http cache https://registry.npmjs.org/@playwright%2ftest 65ms (cache hit)
25 silly packumentCache full:https://registry.npmjs.org/@playwright%2ftest set size:9022687 disposed:false
26 silly fetch manifest babel-plugin-react-compiler@*
27 silly packumentCache full:https://registry.npmjs.org/babel-plugin-react-compiler cache-miss
28 http cache https://registry.npmjs.org/babel-plugin-react-compiler 18ms (cache hit)
29 silly packumentCache full:https://registry.npmjs.org/babel-plugin-react-compiler set size:1327155 disposed:false
30 silly fetch manifest react@^19.0.0
31 silly packumentCache full:https://registry.npmjs.org/react cache-miss
32 http fetch GET https://registry.npmjs.org/react attempt 1 failed with EACCES
33 http fetch GET https://registry.npmjs.org/react attempt 2 failed with EACCES
34 http fetch GET https://registry.npmjs.org/react attempt 3 failed with EACCES
35 silly fetch manifest react@^18.2.0 || 19.0.0-rc-de68d2f4-20241204 || ^19.0.0
36 silly packumentCache full:https://registry.npmjs.org/react cache-miss
37 http cache https://registry.npmjs.org/react 38ms (cache hit)
38 silly packumentCache full:https://registry.npmjs.org/react set size:6613874 disposed:false
39 silly fetch manifest react-dom@^19.0.0
40 silly packumentCache full:https://registry.npmjs.org/react-dom cache-miss
41 http cache https://registry.npmjs.org/react-dom 33ms (cache hit)
42 silly packumentCache full:https://registry.npmjs.org/react-dom set size:8805723 disposed:false
43 silly fetch manifest sass@^1.3.0
44 silly packumentCache full:https://registry.npmjs.org/sass cache-miss
45 http fetch GET https://registry.npmjs.org/sass attempt 1 failed with EACCES
46 http fetch GET https://registry.npmjs.org/sass attempt 2 failed with EACCES
47 http fetch GET https://registry.npmjs.org/sass attempt 3 failed with EACCES
48 silly fetch manifest tailwindcss@^4.1.4
49 silly packumentCache full:https://registry.npmjs.org/tailwindcss cache-miss
50 http fetch GET https://registry.npmjs.org/tailwindcss attempt 1 failed with EACCES
51 http fetch GET https://registry.npmjs.org/tailwindcss attempt 2 failed with EACCES
52 http fetch GET https://registry.npmjs.org/tailwindcss attempt 3 failed with EACCES
53 silly fetch manifest @types/node@^22.13.10
54 silly packumentCache full:https://registry.npmjs.org/@types%2fnode cache-miss
55 http fetch GET https://registry.npmjs.org/@types%2fnode attempt 1 failed with EACCES
56 http fetch GET https://registry.npmjs.org/@types%2fnode attempt 2 failed with EACCES
57 http fetch GET https://registry.npmjs.org/@types%2fnode attempt 3 failed with EACCES
58 silly fetch manifest @types/react@^19.0.12
59 silly packumentCache full:https://registry.npmjs.org/@types%2freact cache-miss
60 http fetch GET https://registry.npmjs.org/@types%2freact attempt 1 failed with EACCES
61 http fetch GET https://registry.npmjs.org/@types%2freact attempt 2 failed with EACCES
